{"/Users/vishalkuo/Documents/Projects/gitScrub/lib/gitscrub.js":{"path":"/Users/vishalkuo/Documents/Projects/gitScrub/lib/gitscrub.js","s":{"1":1,"2":1,"3":1,"4":1,"5":1,"6":1,"7":1,"8":1,"9":1,"10":1,"11":1,"12":1,"13":1,"14":1,"15":1,"16":1,"17":1,"18":12,"19":12,"20":12,"21":12,"22":12,"23":12,"24":12,"25":12,"26":0,"27":1,"28":9,"29":9,"30":9,"31":7,"32":7,"33":9,"34":1,"35":6,"36":6,"37":6,"38":5,"39":5,"40":95,"41":5,"42":1,"43":1,"44":2,"45":1,"46":1,"47":1,"48":1,"49":0,"50":1,"51":1,"52":1,"53":2,"54":2,"55":1,"56":1,"57":0,"58":1,"59":1,"60":1,"61":3,"62":3,"63":1,"64":3,"65":2,"66":2,"67":2,"68":2,"69":2,"70":1,"71":0,"72":1,"73":2,"74":2,"75":1,"76":2,"77":1,"78":1,"79":1,"80":19,"81":19,"82":19,"83":19,"84":19,"85":16,"86":16,"87":19,"88":16,"89":16,"90":16,"91":16,"92":1,"93":1,"94":1,"95":1,"96":16,"97":16,"98":16,"99":16,"100":16,"101":16,"102":459,"103":16,"104":325,"105":325,"106":10,"107":315,"108":19,"109":19,"110":19,"111":296,"112":153,"113":28,"114":125,"115":125,"116":16,"117":1,"118":1,"119":1,"120":1,"121":16,"122":16,"123":16,"124":16,"125":16,"126":1,"127":1,"128":2,"129":2,"130":2,"131":1,"132":1,"133":1,"134":1,"135":19,"136":1,"137":1,"138":1,"139":1},"b":{"1":[0,12],"2":[2,7],"3":[7,2],"4":[1,5],"5":[5,1],"6":[1,1],"7":[1,1],"8":[0,1],"9":[2,0],"10":[0,1],"11":[1,2],"12":[2,1],"13":[0,1],"14":[1,1],"15":[16,3],"16":[1,15],"17":[10,315],"18":[19,296],"19":[3,16],"20":[153,143],"21":[28,125],"22":[153,125],"23":[125,0],"24":[1,15],"25":[1,1]},"f":{"1":12,"2":12,"3":9,"4":9,"5":6,"6":6,"7":2,"8":1,"9":1,"10":1,"11":3,"12":3,"13":2,"14":2,"15":1,"16":1,"17":19,"18":19,"19":19,"20":16,"21":1,"22":16,"23":459,"24":1,"25":16,"26":16,"27":2,"28":2,"29":2,"30":1,"31":1,"32":1,"33":1,"34":1},"fnMap":{"1":{"name":"(anonymous_1)","line":21,"loc":{"start":{"line":21,"column":17},"end":{"line":21,"column":28}}},"2":{"name":"(anonymous_2)","line":30,"loc":{"start":{"line":30,"column":105},"end":{"line":30,"column":119}}},"3":{"name":"(anonymous_3)","line":38,"loc":{"start":{"line":38,"column":24},"end":{"line":38,"column":54}}},"4":{"name":"(anonymous_4)","line":42,"loc":{"start":{"line":42,"column":20},"end":{"line":42,"column":35}}},"5":{"name":"(anonymous_5)","line":52,"loc":{"start":{"line":52,"column":23},"end":{"line":52,"column":54}}},"6":{"name":"(anonymous_6)","line":56,"loc":{"start":{"line":56,"column":20},"end":{"line":56,"column":35}}},"7":{"name":"(anonymous_7)","line":73,"loc":{"start":{"line":73,"column":23},"end":{"line":73,"column":75}}},"8":{"name":"(anonymous_8)","line":79,"loc":{"start":{"line":79,"column":7},"end":{"line":79,"column":22}}},"9":{"name":"(anonymous_9)","line":81,"loc":{"start":{"line":81,"column":58},"end":{"line":81,"column":78}}},"10":{"name":"(anonymous_10)","line":96,"loc":{"start":{"line":96,"column":92},"end":{"line":96,"column":106}}},"11":{"name":"(anonymous_11)","line":109,"loc":{"start":{"line":109,"column":23},"end":{"line":109,"column":52}}},"12":{"name":"(anonymous_12)","line":110,"loc":{"start":{"line":110,"column":54},"end":{"line":110,"column":74}}},"13":{"name":"(anonymous_13)","line":132,"loc":{"start":{"line":132,"column":28},"end":{"line":132,"column":57}}},"14":{"name":"(anonymous_14)","line":136,"loc":{"start":{"line":136,"column":20},"end":{"line":136,"column":35}}},"15":{"name":"(anonymous_15)","line":144,"loc":{"start":{"line":144,"column":26},"end":{"line":144,"column":45}}},"16":{"name":"(anonymous_16)","line":145,"loc":{"start":{"line":145,"column":29},"end":{"line":145,"column":55}}},"17":{"name":"(anonymous_17)","line":147,"loc":{"start":{"line":147,"column":7},"end":{"line":147,"column":23}}},"18":{"name":"(anonymous_18)","line":149,"loc":{"start":{"line":149,"column":41},"end":{"line":149,"column":69}}},"19":{"name":"(anonymous_19)","line":153,"loc":{"start":{"line":153,"column":28},"end":{"line":153,"column":43}}},"20":{"name":"(anonymous_20)","line":160,"loc":{"start":{"line":160,"column":27},"end":{"line":160,"column":44}}},"21":{"name":"(anonymous_21)","line":173,"loc":{"start":{"line":173,"column":15},"end":{"line":173,"column":32}}},"22":{"name":"(anonymous_22)","line":178,"loc":{"start":{"line":178,"column":23},"end":{"line":178,"column":59}}},"23":{"name":"(anonymous_23)","line":188,"loc":{"start":{"line":188,"column":46},"end":{"line":188,"column":61}}},"24":{"name":"(anonymous_24)","line":216,"loc":{"start":{"line":216,"column":27},"end":{"line":216,"column":55}}},"25":{"name":"(anonymous_25)","line":220,"loc":{"start":{"line":220,"column":5},"end":{"line":220,"column":21}}},"26":{"name":"(anonymous_26)","line":222,"loc":{"start":{"line":222,"column":52},"end":{"line":222,"column":67}}},"27":{"name":"(anonymous_27)","line":233,"loc":{"start":{"line":233,"column":24},"end":{"line":233,"column":63}}},"28":{"name":"(anonymous_28)","line":234,"loc":{"start":{"line":234,"column":33},"end":{"line":234,"column":59}}},"29":{"name":"(anonymous_29)","line":235,"loc":{"start":{"line":235,"column":37},"end":{"line":235,"column":52}}},"30":{"name":"(anonymous_30)","line":242,"loc":{"start":{"line":242,"column":10},"end":{"line":242,"column":25}}},"31":{"name":"(anonymous_31)","line":243,"loc":{"start":{"line":243,"column":34},"end":{"line":243,"column":53}}},"32":{"name":"(anonymous_32)","line":248,"loc":{"start":{"line":248,"column":30},"end":{"line":248,"column":51}}},"33":{"name":"(anonymous_33)","line":249,"loc":{"start":{"line":249,"column":42},"end":{"line":249,"column":66}}},"34":{"name":"(anonymous_34)","line":254,"loc":{"start":{"line":254,"column":11},"end":{"line":254,"column":27}}}},"statementMap":{"1":{"start":{"line":1,"column":0},"end":{"line":1,"column":29}},"2":{"start":{"line":2,"column":0},"end":{"line":2,"column":26}},"3":{"start":{"line":3,"column":0},"end":{"line":3,"column":29}},"4":{"start":{"line":4,"column":0},"end":{"line":4,"column":22}},"5":{"start":{"line":5,"column":0},"end":{"line":5,"column":26}},"6":{"start":{"line":6,"column":0},"end":{"line":6,"column":29}},"7":{"start":{"line":8,"column":0},"end":{"line":8,"column":53}},"8":{"start":{"line":9,"column":0},"end":{"line":9,"column":42}},"9":{"start":{"line":11,"column":0},"end":{"line":11,"column":23}},"10":{"start":{"line":12,"column":0},"end":{"line":12,"column":12}},"11":{"start":{"line":13,"column":0},"end":{"line":13,"column":13}},"12":{"start":{"line":14,"column":0},"end":{"line":14,"column":13}},"13":{"start":{"line":15,"column":0},"end":{"line":15,"column":16}},"14":{"start":{"line":16,"column":0},"end":{"line":16,"column":15}},"15":{"start":{"line":17,"column":0},"end":{"line":17,"column":14}},"16":{"start":{"line":19,"column":0},"end":{"line":19,"column":49}},"17":{"start":{"line":21,"column":0},"end":{"line":36,"column":1}},"18":{"start":{"line":22,"column":2},"end":{"line":22,"column":25}},"19":{"start":{"line":23,"column":2},"end":{"line":23,"column":14}},"20":{"start":{"line":24,"column":2},"end":{"line":24,"column":15}},"21":{"start":{"line":25,"column":2},"end":{"line":25,"column":17}},"22":{"start":{"line":26,"column":2},"end":{"line":26,"column":16}},"23":{"start":{"line":27,"column":2},"end":{"line":29,"column":3}},"24":{"start":{"line":30,"column":2},"end":{"line":34,"column":4}},"25":{"start":{"line":31,"column":4},"end":{"line":33,"column":5}},"26":{"start":{"line":32,"column":6},"end":{"line":32,"column":15}},"27":{"start":{"line":38,"column":0},"end":{"line":50,"column":1}},"28":{"start":{"line":39,"column":2},"end":{"line":49,"column":4}},"29":{"start":{"line":43,"column":4},"end":{"line":43,"column":74}},"30":{"start":{"line":44,"column":4},"end":{"line":47,"column":5}},"31":{"start":{"line":45,"column":6},"end":{"line":45,"column":29}},"32":{"start":{"line":46,"column":6},"end":{"line":46,"column":28}},"33":{"start":{"line":48,"column":4},"end":{"line":48,"column":29}},"34":{"start":{"line":52,"column":0},"end":{"line":71,"column":1}},"35":{"start":{"line":53,"column":2},"end":{"line":70,"column":4}},"36":{"start":{"line":57,"column":4},"end":{"line":57,"column":70}},"37":{"start":{"line":58,"column":4},"end":{"line":68,"column":5}},"38":{"start":{"line":60,"column":6},"end":{"line":60,"column":19}},"39":{"start":{"line":61,"column":6},"end":{"line":63,"column":7}},"40":{"start":{"line":62,"column":8},"end":{"line":62,"column":43}},"41":{"start":{"line":64,"column":6},"end":{"line":64,"column":20}},"42":{"start":{"line":67,"column":6},"end":{"line":67,"column":21}},"43":{"start":{"line":73,"column":0},"end":{"line":107,"column":1}},"44":{"start":{"line":74,"column":2},"end":{"line":106,"column":3}},"45":{"start":{"line":75,"column":4},"end":{"line":75,"column":60}},"46":{"start":{"line":76,"column":4},"end":{"line":103,"column":6}},"47":{"start":{"line":81,"column":6},"end":{"line":102,"column":8}},"48":{"start":{"line":82,"column":8},"end":{"line":84,"column":9}},"49":{"start":{"line":83,"column":10},"end":{"line":83,"column":19}},"50":{"start":{"line":85,"column":8},"end":{"line":85,"column":44}},"51":{"start":{"line":87,"column":8},"end":{"line":87,"column":32}},"52":{"start":{"line":90,"column":8},"end":{"line":94,"column":9}},"53":{"start":{"line":91,"column":10},"end":{"line":93,"column":11}},"54":{"start":{"line":92,"column":12},"end":{"line":92,"column":56}},"55":{"start":{"line":96,"column":8},"end":{"line":101,"column":10}},"56":{"start":{"line":97,"column":10},"end":{"line":99,"column":11}},"57":{"start":{"line":98,"column":12},"end":{"line":98,"column":21}},"58":{"start":{"line":100,"column":10},"end":{"line":100,"column":35}},"59":{"start":{"line":105,"column":4},"end":{"line":105,"column":70}},"60":{"start":{"line":109,"column":0},"end":{"line":130,"column":1}},"61":{"start":{"line":110,"column":2},"end":{"line":127,"column":4}},"62":{"start":{"line":111,"column":4},"end":{"line":113,"column":5}},"63":{"start":{"line":112,"column":6},"end":{"line":112,"column":26}},"64":{"start":{"line":115,"column":4},"end":{"line":126,"column":5}},"65":{"start":{"line":116,"column":6},"end":{"line":116,"column":41}},"66":{"start":{"line":117,"column":6},"end":{"line":117,"column":36}},"67":{"start":{"line":118,"column":6},"end":{"line":120,"column":7}},"68":{"start":{"line":119,"column":8},"end":{"line":119,"column":37}},"69":{"start":{"line":121,"column":6},"end":{"line":121,"column":38}},"70":{"start":{"line":123,"column":6},"end":{"line":125,"column":7}},"71":{"start":{"line":124,"column":8},"end":{"line":124,"column":33}},"72":{"start":{"line":132,"column":0},"end":{"line":142,"column":1}},"73":{"start":{"line":133,"column":2},"end":{"line":141,"column":4}},"74":{"start":{"line":137,"column":4},"end":{"line":139,"column":5}},"75":{"start":{"line":138,"column":6},"end":{"line":138,"column":26}},"76":{"start":{"line":140,"column":4},"end":{"line":140,"column":19}},"77":{"start":{"line":144,"column":0},"end":{"line":176,"column":1}},"78":{"start":{"line":145,"column":2},"end":{"line":171,"column":4}},"79":{"start":{"line":146,"column":4},"end":{"line":169,"column":5}},"80":{"start":{"line":147,"column":6},"end":{"line":168,"column":14}},"81":{"start":{"line":148,"column":8},"end":{"line":148,"column":38}},"82":{"start":{"line":149,"column":8},"end":{"line":159,"column":10}},"83":{"start":{"line":150,"column":10},"end":{"line":158,"column":12}},"84":{"start":{"line":154,"column":12},"end":{"line":157,"column":13}},"85":{"start":{"line":155,"column":14},"end":{"line":155,"column":41}},"86":{"start":{"line":156,"column":14},"end":{"line":156,"column":28}},"87":{"start":{"line":160,"column":8},"end":{"line":167,"column":10}},"88":{"start":{"line":161,"column":10},"end":{"line":161,"column":41}},"89":{"start":{"line":162,"column":10},"end":{"line":162,"column":49}},"90":{"start":{"line":163,"column":10},"end":{"line":163,"column":64}},"91":{"start":{"line":164,"column":10},"end":{"line":166,"column":11}},"92":{"start":{"line":165,"column":12},"end":{"line":165,"column":31}},"93":{"start":{"line":173,"column":2},"end":{"line":175,"column":4}},"94":{"start":{"line":174,"column":4},"end":{"line":174,"column":20}},"95":{"start":{"line":178,"column":0},"end":{"line":214,"column":1}},"96":{"start":{"line":179,"column":2},"end":{"line":182,"column":3}},"97":{"start":{"line":184,"column":2},"end":{"line":184,"column":17}},"98":{"start":{"line":185,"column":2},"end":{"line":185,"column":23}},"99":{"start":{"line":186,"column":2},"end":{"line":186,"column":18}},"100":{"start":{"line":187,"column":2},"end":{"line":187,"column":16}},"101":{"start":{"line":188,"column":2},"end":{"line":190,"column":4}},"102":{"start":{"line":189,"column":4},"end":{"line":189,"column":22}},"103":{"start":{"line":192,"column":2},"end":{"line":211,"column":3}},"104":{"start":{"line":193,"column":4},"end":{"line":193,"column":29}},"105":{"start":{"line":194,"column":4},"end":{"line":210,"column":5}},"106":{"start":{"line":195,"column":6},"end":{"line":195,"column":47}},"107":{"start":{"line":196,"column":11},"end":{"line":210,"column":5}},"108":{"start":{"line":197,"column":6},"end":{"line":197,"column":52}},"109":{"start":{"line":198,"column":6},"end":{"line":198,"column":21}},"110":{"start":{"line":199,"column":6},"end":{"line":203,"column":7}},"111":{"start":{"line":204,"column":11},"end":{"line":210,"column":5}},"112":{"start":{"line":205,"column":6},"end":{"line":209,"column":7}},"113":{"start":{"line":206,"column":8},"end":{"line":206,"column":74}},"114":{"start":{"line":207,"column":13},"end":{"line":209,"column":7}},"115":{"start":{"line":208,"column":8},"end":{"line":208,"column":54}},"116":{"start":{"line":213,"column":2},"end":{"line":213,"column":27}},"117":{"start":{"line":216,"column":0},"end":{"line":231,"column":1}},"118":{"start":{"line":217,"column":2},"end":{"line":217,"column":20}},"119":{"start":{"line":218,"column":2},"end":{"line":218,"column":22}},"120":{"start":{"line":219,"column":2},"end":{"line":230,"column":3}},"121":{"start":{"line":220,"column":4},"end":{"line":228,"column":14}},"122":{"start":{"line":221,"column":6},"end":{"line":221,"column":20}},"123":{"start":{"line":222,"column":6},"end":{"line":227,"column":8}},"124":{"start":{"line":223,"column":8},"end":{"line":223,"column":28}},"125":{"start":{"line":224,"column":8},"end":{"line":226,"column":9}},"126":{"start":{"line":225,"column":10},"end":{"line":225,"column":29}},"127":{"start":{"line":233,"column":0},"end":{"line":257,"column":1}},"128":{"start":{"line":234,"column":2},"end":{"line":256,"column":4}},"129":{"start":{"line":235,"column":4},"end":{"line":241,"column":6}},"130":{"start":{"line":236,"column":6},"end":{"line":240,"column":7}},"131":{"start":{"line":237,"column":8},"end":{"line":237,"column":21}},"132":{"start":{"line":239,"column":8},"end":{"line":239,"column":35}},"133":{"start":{"line":243,"column":4},"end":{"line":253,"column":6}},"134":{"start":{"line":244,"column":6},"end":{"line":246,"column":7}},"135":{"start":{"line":245,"column":8},"end":{"line":245,"column":45}},"136":{"start":{"line":248,"column":6},"end":{"line":252,"column":8}},"137":{"start":{"line":249,"column":8},"end":{"line":251,"column":10}},"138":{"start":{"line":250,"column":10},"end":{"line":250,"column":44}},"139":{"start":{"line":255,"column":4},"end":{"line":255,"column":30}}},"branchMap":{"1":{"line":31,"type":"if","locations":[{"start":{"line":31,"column":4},"end":{"line":31,"column":4}},{"start":{"line":31,"column":4},"end":{"line":31,"column":4}}]},"2":{"line":43,"type":"cond-expr","locations":[{"start":{"line":43,"column":62},"end":{"line":43,"column":67}},{"start":{"line":43,"column":70},"end":{"line":43,"column":74}}]},"3":{"line":44,"type":"if","locations":[{"start":{"line":44,"column":4},"end":{"line":44,"column":4}},{"start":{"line":44,"column":4},"end":{"line":44,"column":4}}]},"4":{"line":57,"type":"cond-expr","locations":[{"start":{"line":57,"column":58},"end":{"line":57,"column":63}},{"start":{"line":57,"column":66},"end":{"line":57,"column":70}}]},"5":{"line":58,"type":"if","locations":[{"start":{"line":58,"column":4},"end":{"line":58,"column":4}},{"start":{"line":58,"column":4},"end":{"line":58,"column":4}}]},"6":{"line":74,"type":"if","locations":[{"start":{"line":74,"column":2},"end":{"line":74,"column":2}},{"start":{"line":74,"column":2},"end":{"line":74,"column":2}}]},"7":{"line":75,"type":"binary-expr","locations":[{"start":{"line":75,"column":15},"end":{"line":75,"column":31}},{"start":{"line":75,"column":35},"end":{"line":75,"column":60}}]},"8":{"line":82,"type":"if","locations":[{"start":{"line":82,"column":8},"end":{"line":82,"column":8}},{"start":{"line":82,"column":8},"end":{"line":82,"column":8}}]},"9":{"line":91,"type":"if","locations":[{"start":{"line":91,"column":10},"end":{"line":91,"column":10}},{"start":{"line":91,"column":10},"end":{"line":91,"column":10}}]},"10":{"line":97,"type":"if","locations":[{"start":{"line":97,"column":10},"end":{"line":97,"column":10}},{"start":{"line":97,"column":10},"end":{"line":97,"column":10}}]},"11":{"line":111,"type":"if","locations":[{"start":{"line":111,"column":4},"end":{"line":111,"column":4}},{"start":{"line":111,"column":4},"end":{"line":111,"column":4}}]},"12":{"line":115,"type":"if","locations":[{"start":{"line":115,"column":4},"end":{"line":115,"column":4}},{"start":{"line":115,"column":4},"end":{"line":115,"column":4}}]},"13":{"line":123,"type":"if","locations":[{"start":{"line":123,"column":6},"end":{"line":123,"column":6}},{"start":{"line":123,"column":6},"end":{"line":123,"column":6}}]},"14":{"line":137,"type":"if","locations":[{"start":{"line":137,"column":4},"end":{"line":137,"column":4}},{"start":{"line":137,"column":4},"end":{"line":137,"column":4}}]},"15":{"line":154,"type":"if","locations":[{"start":{"line":154,"column":12},"end":{"line":154,"column":12}},{"start":{"line":154,"column":12},"end":{"line":154,"column":12}}]},"16":{"line":164,"type":"if","locations":[{"start":{"line":164,"column":10},"end":{"line":164,"column":10}},{"start":{"line":164,"column":10},"end":{"line":164,"column":10}}]},"17":{"line":194,"type":"if","locations":[{"start":{"line":194,"column":4},"end":{"line":194,"column":4}},{"start":{"line":194,"column":4},"end":{"line":194,"column":4}}]},"18":{"line":196,"type":"if","locations":[{"start":{"line":196,"column":11},"end":{"line":196,"column":11}},{"start":{"line":196,"column":11},"end":{"line":196,"column":11}}]},"19":{"line":197,"type":"cond-expr","locations":[{"start":{"line":197,"column":29},"end":{"line":197,"column":37}},{"start":{"line":197,"column":40},"end":{"line":197,"column":52}}]},"20":{"line":204,"type":"if","locations":[{"start":{"line":204,"column":11},"end":{"line":204,"column":11}},{"start":{"line":204,"column":11},"end":{"line":204,"column":11}}]},"21":{"line":205,"type":"if","locations":[{"start":{"line":205,"column":6},"end":{"line":205,"column":6}},{"start":{"line":205,"column":6},"end":{"line":205,"column":6}}]},"22":{"line":205,"type":"binary-expr","locations":[{"start":{"line":205,"column":10},"end":{"line":205,"column":39}},{"start":{"line":205,"column":43},"end":{"line":205,"column":72}}]},"23":{"line":207,"type":"if","locations":[{"start":{"line":207,"column":13},"end":{"line":207,"column":13}},{"start":{"line":207,"column":13},"end":{"line":207,"column":13}}]},"24":{"line":224,"type":"if","locations":[{"start":{"line":224,"column":8},"end":{"line":224,"column":8}},{"start":{"line":224,"column":8},"end":{"line":224,"column":8}}]},"25":{"line":236,"type":"if","locations":[{"start":{"line":236,"column":6},"end":{"line":236,"column":6}},{"start":{"line":236,"column":6},"end":{"line":236,"column":6}}]}}},"/Users/vishalkuo/Documents/Projects/gitScrub/lib/secret.js":{"path":"/Users/vishalkuo/Documents/Projects/gitScrub/lib/secret.js","s":{"1":1,"2":1,"3":1},"b":{},"f":{},"fnMap":{},"statementMap":{"1":{"start":{"line":2,"column":0},"end":{"line":2,"column":24}},"2":{"start":{"line":3,"column":0},"end":{"line":3,"column":29}},"3":{"start":{"line":4,"column":0},"end":{"line":4,"column":33}}},"branchMap":{}}}