{"/Users/vishalkuo/Documents/Projects/gitScrub/lib/gitscrub.js":{"path":"/Users/vishalkuo/Documents/Projects/gitScrub/lib/gitscrub.js","s":{"1":1,"2":1,"3":1,"4":1,"5":1,"6":1,"7":1,"8":1,"9":1,"10":1,"11":1,"12":1,"13":1,"14":1,"15":1,"16":1,"17":1,"18":6,"19":6,"20":6,"21":6,"22":6,"23":1,"24":5,"25":5,"26":5,"27":4,"28":4,"29":5,"30":1,"31":4,"32":4,"33":4,"34":3,"35":3,"36":57,"37":3,"38":1,"39":1,"40":0,"41":0,"42":0,"43":0,"44":0,"45":0,"46":0,"47":0,"48":0,"49":0,"50":0,"51":0,"52":0,"53":0,"54":0,"55":0,"56":1,"57":3,"58":3,"59":1,"60":3,"61":2,"62":2,"63":2,"64":2,"65":2,"66":1,"67":0,"68":1,"69":0,"70":0,"71":0,"72":0,"73":1,"74":1,"75":1,"76":19,"77":19,"78":19,"79":19,"80":19,"81":16,"82":16,"83":19,"84":16,"85":16,"86":16,"87":16,"88":1,"89":1,"90":1,"91":1,"92":16,"93":16,"94":16,"95":16,"96":16,"97":16,"98":457,"99":16,"100":324,"101":324,"102":10,"103":314,"104":19,"105":19,"106":19,"107":295,"108":152,"109":28,"110":124,"111":124,"112":16,"113":1,"114":1,"115":1,"116":1,"117":16,"118":16,"119":16,"120":16,"121":16,"122":1,"123":1,"124":1,"125":1,"126":1,"127":1,"128":0,"129":0,"130":1,"131":1,"132":19,"133":1,"134":1,"135":1,"136":0},"b":{"1":[1,4],"2":[4,1],"3":[1,3],"4":[3,1],"5":[0,0],"6":[0,0],"7":[0,0],"8":[0,0],"9":[1,2],"10":[2,1],"11":[0,1],"12":[0,0],"13":[16,3],"14":[1,15],"15":[10,314],"16":[19,295],"17":[3,16],"18":[152,143],"19":[28,124],"20":[152,124],"21":[124,0],"22":[1,15],"23":[1,0]},"f":{"1":6,"2":5,"3":5,"4":4,"5":4,"6":0,"7":0,"8":0,"9":0,"10":3,"11":3,"12":0,"13":0,"14":1,"15":1,"16":19,"17":19,"18":19,"19":16,"20":1,"21":16,"22":457,"23":1,"24":16,"25":16,"26":1,"27":1,"28":1,"29":0,"30":1,"31":1,"32":1,"33":1,"34":0},"fnMap":{"1":{"name":"(anonymous_1)","line":21,"loc":{"start":{"line":21,"column":17},"end":{"line":21,"column":28}}},"2":{"name":"(anonymous_2)","line":30,"loc":{"start":{"line":30,"column":24},"end":{"line":30,"column":54}}},"3":{"name":"(anonymous_3)","line":34,"loc":{"start":{"line":34,"column":20},"end":{"line":34,"column":35}}},"4":{"name":"(anonymous_4)","line":44,"loc":{"start":{"line":44,"column":23},"end":{"line":44,"column":54}}},"5":{"name":"(anonymous_5)","line":48,"loc":{"start":{"line":48,"column":20},"end":{"line":48,"column":35}}},"6":{"name":"(anonymous_6)","line":65,"loc":{"start":{"line":65,"column":23},"end":{"line":65,"column":57}}},"7":{"name":"(anonymous_7)","line":67,"loc":{"start":{"line":67,"column":25},"end":{"line":67,"column":40}}},"8":{"name":"(anonymous_8)","line":69,"loc":{"start":{"line":69,"column":71},"end":{"line":69,"column":91}}},"9":{"name":"(anonymous_9)","line":84,"loc":{"start":{"line":84,"column":105},"end":{"line":84,"column":119}}},"10":{"name":"(anonymous_10)","line":98,"loc":{"start":{"line":98,"column":23},"end":{"line":98,"column":52}}},"11":{"name":"(anonymous_11)","line":99,"loc":{"start":{"line":99,"column":54},"end":{"line":99,"column":74}}},"12":{"name":"(anonymous_12)","line":121,"loc":{"start":{"line":121,"column":28},"end":{"line":121,"column":57}}},"13":{"name":"(anonymous_13)","line":125,"loc":{"start":{"line":125,"column":20},"end":{"line":125,"column":35}}},"14":{"name":"(anonymous_14)","line":133,"loc":{"start":{"line":133,"column":26},"end":{"line":133,"column":45}}},"15":{"name":"(anonymous_15)","line":134,"loc":{"start":{"line":134,"column":29},"end":{"line":134,"column":55}}},"16":{"name":"(anonymous_16)","line":136,"loc":{"start":{"line":136,"column":7},"end":{"line":136,"column":23}}},"17":{"name":"(anonymous_17)","line":138,"loc":{"start":{"line":138,"column":41},"end":{"line":138,"column":69}}},"18":{"name":"(anonymous_18)","line":142,"loc":{"start":{"line":142,"column":28},"end":{"line":142,"column":43}}},"19":{"name":"(anonymous_19)","line":149,"loc":{"start":{"line":149,"column":27},"end":{"line":149,"column":44}}},"20":{"name":"(anonymous_20)","line":162,"loc":{"start":{"line":162,"column":15},"end":{"line":162,"column":32}}},"21":{"name":"(anonymous_21)","line":167,"loc":{"start":{"line":167,"column":23},"end":{"line":167,"column":59}}},"22":{"name":"(anonymous_22)","line":177,"loc":{"start":{"line":177,"column":46},"end":{"line":177,"column":61}}},"23":{"name":"(anonymous_23)","line":205,"loc":{"start":{"line":205,"column":27},"end":{"line":205,"column":55}}},"24":{"name":"(anonymous_24)","line":209,"loc":{"start":{"line":209,"column":5},"end":{"line":209,"column":21}}},"25":{"name":"(anonymous_25)","line":211,"loc":{"start":{"line":211,"column":52},"end":{"line":211,"column":67}}},"26":{"name":"(anonymous_26)","line":222,"loc":{"start":{"line":222,"column":24},"end":{"line":222,"column":63}}},"27":{"name":"(anonymous_27)","line":223,"loc":{"start":{"line":223,"column":33},"end":{"line":223,"column":59}}},"28":{"name":"(anonymous_28)","line":224,"loc":{"start":{"line":224,"column":37},"end":{"line":224,"column":52}}},"29":{"name":"(anonymous_29)","line":228,"loc":{"start":{"line":228,"column":15},"end":{"line":228,"column":26}}},"30":{"name":"(anonymous_30)","line":233,"loc":{"start":{"line":233,"column":10},"end":{"line":233,"column":25}}},"31":{"name":"(anonymous_31)","line":234,"loc":{"start":{"line":234,"column":34},"end":{"line":234,"column":53}}},"32":{"name":"(anonymous_32)","line":238,"loc":{"start":{"line":238,"column":30},"end":{"line":238,"column":51}}},"33":{"name":"(anonymous_33)","line":239,"loc":{"start":{"line":239,"column":42},"end":{"line":239,"column":66}}},"34":{"name":"(anonymous_34)","line":244,"loc":{"start":{"line":244,"column":11},"end":{"line":244,"column":27}}}},"statementMap":{"1":{"start":{"line":1,"column":0},"end":{"line":1,"column":29}},"2":{"start":{"line":2,"column":0},"end":{"line":2,"column":26}},"3":{"start":{"line":3,"column":0},"end":{"line":3,"column":29}},"4":{"start":{"line":4,"column":0},"end":{"line":4,"column":22}},"5":{"start":{"line":5,"column":0},"end":{"line":5,"column":26}},"6":{"start":{"line":6,"column":0},"end":{"line":6,"column":29}},"7":{"start":{"line":8,"column":0},"end":{"line":8,"column":53}},"8":{"start":{"line":9,"column":0},"end":{"line":9,"column":42}},"9":{"start":{"line":11,"column":0},"end":{"line":11,"column":23}},"10":{"start":{"line":12,"column":0},"end":{"line":12,"column":12}},"11":{"start":{"line":13,"column":0},"end":{"line":13,"column":13}},"12":{"start":{"line":14,"column":0},"end":{"line":14,"column":13}},"13":{"start":{"line":15,"column":0},"end":{"line":15,"column":16}},"14":{"start":{"line":16,"column":0},"end":{"line":16,"column":15}},"15":{"start":{"line":17,"column":0},"end":{"line":17,"column":14}},"16":{"start":{"line":19,"column":0},"end":{"line":19,"column":49}},"17":{"start":{"line":21,"column":0},"end":{"line":28,"column":1}},"18":{"start":{"line":22,"column":2},"end":{"line":22,"column":25}},"19":{"start":{"line":23,"column":2},"end":{"line":23,"column":14}},"20":{"start":{"line":24,"column":2},"end":{"line":24,"column":15}},"21":{"start":{"line":25,"column":2},"end":{"line":25,"column":17}},"22":{"start":{"line":26,"column":2},"end":{"line":26,"column":16}},"23":{"start":{"line":30,"column":0},"end":{"line":42,"column":1}},"24":{"start":{"line":31,"column":2},"end":{"line":41,"column":4}},"25":{"start":{"line":35,"column":4},"end":{"line":35,"column":74}},"26":{"start":{"line":36,"column":4},"end":{"line":39,"column":5}},"27":{"start":{"line":37,"column":6},"end":{"line":37,"column":29}},"28":{"start":{"line":38,"column":6},"end":{"line":38,"column":28}},"29":{"start":{"line":40,"column":4},"end":{"line":40,"column":29}},"30":{"start":{"line":44,"column":0},"end":{"line":63,"column":1}},"31":{"start":{"line":45,"column":2},"end":{"line":62,"column":4}},"32":{"start":{"line":49,"column":4},"end":{"line":49,"column":70}},"33":{"start":{"line":50,"column":4},"end":{"line":60,"column":5}},"34":{"start":{"line":52,"column":6},"end":{"line":52,"column":19}},"35":{"start":{"line":53,"column":6},"end":{"line":55,"column":7}},"36":{"start":{"line":54,"column":8},"end":{"line":54,"column":43}},"37":{"start":{"line":56,"column":6},"end":{"line":56,"column":20}},"38":{"start":{"line":59,"column":6},"end":{"line":59,"column":21}},"39":{"start":{"line":65,"column":0},"end":{"line":96,"column":1}},"40":{"start":{"line":66,"column":2},"end":{"line":95,"column":3}},"41":{"start":{"line":67,"column":4},"end":{"line":91,"column":6}},"42":{"start":{"line":69,"column":6},"end":{"line":90,"column":8}},"43":{"start":{"line":70,"column":8},"end":{"line":72,"column":9}},"44":{"start":{"line":71,"column":10},"end":{"line":71,"column":19}},"45":{"start":{"line":73,"column":8},"end":{"line":73,"column":44}},"46":{"start":{"line":75,"column":8},"end":{"line":75,"column":32}},"47":{"start":{"line":78,"column":8},"end":{"line":82,"column":9}},"48":{"start":{"line":79,"column":10},"end":{"line":81,"column":11}},"49":{"start":{"line":80,"column":12},"end":{"line":80,"column":56}},"50":{"start":{"line":84,"column":8},"end":{"line":89,"column":10}},"51":{"start":{"line":85,"column":10},"end":{"line":87,"column":11}},"52":{"start":{"line":86,"column":12},"end":{"line":86,"column":21}},"53":{"start":{"line":88,"column":10},"end":{"line":88,"column":24}},"54":{"start":{"line":93,"column":4},"end":{"line":93,"column":62}},"55":{"start":{"line":94,"column":4},"end":{"line":94,"column":19}},"56":{"start":{"line":98,"column":0},"end":{"line":119,"column":1}},"57":{"start":{"line":99,"column":2},"end":{"line":116,"column":4}},"58":{"start":{"line":100,"column":4},"end":{"line":102,"column":5}},"59":{"start":{"line":101,"column":6},"end":{"line":101,"column":26}},"60":{"start":{"line":104,"column":4},"end":{"line":115,"column":5}},"61":{"start":{"line":105,"column":6},"end":{"line":105,"column":41}},"62":{"start":{"line":106,"column":6},"end":{"line":106,"column":36}},"63":{"start":{"line":107,"column":6},"end":{"line":109,"column":7}},"64":{"start":{"line":108,"column":8},"end":{"line":108,"column":37}},"65":{"start":{"line":110,"column":6},"end":{"line":110,"column":38}},"66":{"start":{"line":112,"column":6},"end":{"line":114,"column":7}},"67":{"start":{"line":113,"column":8},"end":{"line":113,"column":33}},"68":{"start":{"line":121,"column":0},"end":{"line":131,"column":1}},"69":{"start":{"line":122,"column":2},"end":{"line":130,"column":4}},"70":{"start":{"line":126,"column":4},"end":{"line":128,"column":5}},"71":{"start":{"line":127,"column":6},"end":{"line":127,"column":26}},"72":{"start":{"line":129,"column":4},"end":{"line":129,"column":19}},"73":{"start":{"line":133,"column":0},"end":{"line":165,"column":1}},"74":{"start":{"line":134,"column":2},"end":{"line":160,"column":4}},"75":{"start":{"line":135,"column":4},"end":{"line":158,"column":5}},"76":{"start":{"line":136,"column":6},"end":{"line":157,"column":14}},"77":{"start":{"line":137,"column":8},"end":{"line":137,"column":38}},"78":{"start":{"line":138,"column":8},"end":{"line":148,"column":10}},"79":{"start":{"line":139,"column":10},"end":{"line":147,"column":12}},"80":{"start":{"line":143,"column":12},"end":{"line":146,"column":13}},"81":{"start":{"line":144,"column":14},"end":{"line":144,"column":41}},"82":{"start":{"line":145,"column":14},"end":{"line":145,"column":28}},"83":{"start":{"line":149,"column":8},"end":{"line":156,"column":10}},"84":{"start":{"line":150,"column":10},"end":{"line":150,"column":41}},"85":{"start":{"line":151,"column":10},"end":{"line":151,"column":49}},"86":{"start":{"line":152,"column":10},"end":{"line":152,"column":64}},"87":{"start":{"line":153,"column":10},"end":{"line":155,"column":11}},"88":{"start":{"line":154,"column":12},"end":{"line":154,"column":31}},"89":{"start":{"line":162,"column":2},"end":{"line":164,"column":4}},"90":{"start":{"line":163,"column":4},"end":{"line":163,"column":20}},"91":{"start":{"line":167,"column":0},"end":{"line":203,"column":1}},"92":{"start":{"line":168,"column":2},"end":{"line":171,"column":3}},"93":{"start":{"line":173,"column":2},"end":{"line":173,"column":17}},"94":{"start":{"line":174,"column":2},"end":{"line":174,"column":23}},"95":{"start":{"line":175,"column":2},"end":{"line":175,"column":18}},"96":{"start":{"line":176,"column":2},"end":{"line":176,"column":16}},"97":{"start":{"line":177,"column":2},"end":{"line":179,"column":4}},"98":{"start":{"line":178,"column":4},"end":{"line":178,"column":22}},"99":{"start":{"line":181,"column":2},"end":{"line":200,"column":3}},"100":{"start":{"line":182,"column":4},"end":{"line":182,"column":29}},"101":{"start":{"line":183,"column":4},"end":{"line":199,"column":5}},"102":{"start":{"line":184,"column":6},"end":{"line":184,"column":47}},"103":{"start":{"line":185,"column":11},"end":{"line":199,"column":5}},"104":{"start":{"line":186,"column":6},"end":{"line":186,"column":52}},"105":{"start":{"line":187,"column":6},"end":{"line":187,"column":21}},"106":{"start":{"line":188,"column":6},"end":{"line":192,"column":7}},"107":{"start":{"line":193,"column":11},"end":{"line":199,"column":5}},"108":{"start":{"line":194,"column":6},"end":{"line":198,"column":7}},"109":{"start":{"line":195,"column":8},"end":{"line":195,"column":74}},"110":{"start":{"line":196,"column":13},"end":{"line":198,"column":7}},"111":{"start":{"line":197,"column":8},"end":{"line":197,"column":54}},"112":{"start":{"line":202,"column":2},"end":{"line":202,"column":27}},"113":{"start":{"line":205,"column":0},"end":{"line":220,"column":1}},"114":{"start":{"line":206,"column":2},"end":{"line":206,"column":20}},"115":{"start":{"line":207,"column":2},"end":{"line":207,"column":22}},"116":{"start":{"line":208,"column":2},"end":{"line":219,"column":3}},"117":{"start":{"line":209,"column":4},"end":{"line":217,"column":14}},"118":{"start":{"line":210,"column":6},"end":{"line":210,"column":20}},"119":{"start":{"line":211,"column":6},"end":{"line":216,"column":8}},"120":{"start":{"line":212,"column":8},"end":{"line":212,"column":28}},"121":{"start":{"line":213,"column":8},"end":{"line":215,"column":9}},"122":{"start":{"line":214,"column":10},"end":{"line":214,"column":29}},"123":{"start":{"line":222,"column":0},"end":{"line":247,"column":1}},"124":{"start":{"line":223,"column":2},"end":{"line":246,"column":4}},"125":{"start":{"line":224,"column":4},"end":{"line":232,"column":6}},"126":{"start":{"line":225,"column":6},"end":{"line":231,"column":7}},"127":{"start":{"line":226,"column":8},"end":{"line":226,"column":21}},"128":{"start":{"line":228,"column":8},"end":{"line":230,"column":11}},"129":{"start":{"line":229,"column":10},"end":{"line":229,"column":35}},"130":{"start":{"line":234,"column":4},"end":{"line":243,"column":6}},"131":{"start":{"line":235,"column":6},"end":{"line":237,"column":7}},"132":{"start":{"line":236,"column":8},"end":{"line":236,"column":45}},"133":{"start":{"line":238,"column":6},"end":{"line":242,"column":8}},"134":{"start":{"line":239,"column":8},"end":{"line":241,"column":10}},"135":{"start":{"line":240,"column":10},"end":{"line":240,"column":33}},"136":{"start":{"line":245,"column":4},"end":{"line":245,"column":24}}},"branchMap":{"1":{"line":35,"type":"cond-expr","locations":[{"start":{"line":35,"column":62},"end":{"line":35,"column":67}},{"start":{"line":35,"column":70},"end":{"line":35,"column":74}}]},"2":{"line":36,"type":"if","locations":[{"start":{"line":36,"column":4},"end":{"line":36,"column":4}},{"start":{"line":36,"column":4},"end":{"line":36,"column":4}}]},"3":{"line":49,"type":"cond-expr","locations":[{"start":{"line":49,"column":58},"end":{"line":49,"column":63}},{"start":{"line":49,"column":66},"end":{"line":49,"column":70}}]},"4":{"line":50,"type":"if","locations":[{"start":{"line":50,"column":4},"end":{"line":50,"column":4}},{"start":{"line":50,"column":4},"end":{"line":50,"column":4}}]},"5":{"line":66,"type":"if","locations":[{"start":{"line":66,"column":2},"end":{"line":66,"column":2}},{"start":{"line":66,"column":2},"end":{"line":66,"column":2}}]},"6":{"line":70,"type":"if","locations":[{"start":{"line":70,"column":8},"end":{"line":70,"column":8}},{"start":{"line":70,"column":8},"end":{"line":70,"column":8}}]},"7":{"line":79,"type":"if","locations":[{"start":{"line":79,"column":10},"end":{"line":79,"column":10}},{"start":{"line":79,"column":10},"end":{"line":79,"column":10}}]},"8":{"line":85,"type":"if","locations":[{"start":{"line":85,"column":10},"end":{"line":85,"column":10}},{"start":{"line":85,"column":10},"end":{"line":85,"column":10}}]},"9":{"line":100,"type":"if","locations":[{"start":{"line":100,"column":4},"end":{"line":100,"column":4}},{"start":{"line":100,"column":4},"end":{"line":100,"column":4}}]},"10":{"line":104,"type":"if","locations":[{"start":{"line":104,"column":4},"end":{"line":104,"column":4}},{"start":{"line":104,"column":4},"end":{"line":104,"column":4}}]},"11":{"line":112,"type":"if","locations":[{"start":{"line":112,"column":6},"end":{"line":112,"column":6}},{"start":{"line":112,"column":6},"end":{"line":112,"column":6}}]},"12":{"line":126,"type":"if","locations":[{"start":{"line":126,"column":4},"end":{"line":126,"column":4}},{"start":{"line":126,"column":4},"end":{"line":126,"column":4}}]},"13":{"line":143,"type":"if","locations":[{"start":{"line":143,"column":12},"end":{"line":143,"column":12}},{"start":{"line":143,"column":12},"end":{"line":143,"column":12}}]},"14":{"line":153,"type":"if","locations":[{"start":{"line":153,"column":10},"end":{"line":153,"column":10}},{"start":{"line":153,"column":10},"end":{"line":153,"column":10}}]},"15":{"line":183,"type":"if","locations":[{"start":{"line":183,"column":4},"end":{"line":183,"column":4}},{"start":{"line":183,"column":4},"end":{"line":183,"column":4}}]},"16":{"line":185,"type":"if","locations":[{"start":{"line":185,"column":11},"end":{"line":185,"column":11}},{"start":{"line":185,"column":11},"end":{"line":185,"column":11}}]},"17":{"line":186,"type":"cond-expr","locations":[{"start":{"line":186,"column":29},"end":{"line":186,"column":37}},{"start":{"line":186,"column":40},"end":{"line":186,"column":52}}]},"18":{"line":193,"type":"if","locations":[{"start":{"line":193,"column":11},"end":{"line":193,"column":11}},{"start":{"line":193,"column":11},"end":{"line":193,"column":11}}]},"19":{"line":194,"type":"if","locations":[{"start":{"line":194,"column":6},"end":{"line":194,"column":6}},{"start":{"line":194,"column":6},"end":{"line":194,"column":6}}]},"20":{"line":194,"type":"binary-expr","locations":[{"start":{"line":194,"column":10},"end":{"line":194,"column":39}},{"start":{"line":194,"column":43},"end":{"line":194,"column":72}}]},"21":{"line":196,"type":"if","locations":[{"start":{"line":196,"column":13},"end":{"line":196,"column":13}},{"start":{"line":196,"column":13},"end":{"line":196,"column":13}}]},"22":{"line":213,"type":"if","locations":[{"start":{"line":213,"column":8},"end":{"line":213,"column":8}},{"start":{"line":213,"column":8},"end":{"line":213,"column":8}}]},"23":{"line":225,"type":"if","locations":[{"start":{"line":225,"column":6},"end":{"line":225,"column":6}},{"start":{"line":225,"column":6},"end":{"line":225,"column":6}}]}}},"/Users/vishalkuo/Documents/Projects/gitScrub/lib/secret.js":{"path":"/Users/vishalkuo/Documents/Projects/gitScrub/lib/secret.js","s":{"1":1,"2":1,"3":1},"b":{},"f":{},"fnMap":{},"statementMap":{"1":{"start":{"line":2,"column":0},"end":{"line":2,"column":24}},"2":{"start":{"line":3,"column":0},"end":{"line":3,"column":29}},"3":{"start":{"line":4,"column":0},"end":{"line":4,"column":33}}},"branchMap":{}}}